0 verbose cli C:\Program Files\nodejs\node.exe C:\Users\jjcha\AppData\Roaming\npm\node_modules\npm\bin\npm-cli.js
1 info using npm@10.7.0
2 info using node@v22.15.0
3 silly config:load:file:C:\Users\jjcha\AppData\Roaming\npm\node_modules\npm\npmrc
4 silly config:load:file:D:\fairproject\FairEmployeeApp\.npmrc
5 silly config:load:file:C:\Users\jjcha\.npmrc
6 silly config:load:file:C:\Users\jjcha\AppData\Roaming\npm\etc\npmrc
7 verbose title npm run android
8 verbose argv "run" "android"
9 verbose logfile logs-max:10 dir:D:\fairproject\FairEmployeeApp\android\.npm-cache\_logs\2025-11-18T11_26_56_943Z-
10 verbose logfile D:\fairproject\FairEmployeeApp\android\.npm-cache\_logs\2025-11-18T11_26_56_943Z-debug-0.log
11 silly logfile done cleaning log files
12 http fetch GET 200 https://registry.npmjs.org/npm 324ms
13 notice
13 notice New [31mmajor[39m version of npm available! [31m10.7.0[39m -> [34m11.6.2[39m
13 notice Changelog: [34mhttps://github.com/npm/cli/releases/tag/v11.6.2[39m
13 notice To update run: [4mnpm install -g npm@11.6.2[24m
13 notice  { force: true, [Symbol(proc-log.meta)]: true }
14 verbose exit 1
15 verbose code 1
