0 verbose cli C:\Program Files\nodejs\node.exe C:\Users\jjcha\AppData\Roaming\npm\node_modules\npm\bin\npm-cli.js
1 info using npm@10.7.0
2 info using node@v22.15.0
3 silly config:load:file:C:\Users\jjcha\AppData\Roaming\npm\node_modules\npm\npmrc
4 silly config:load:file:D:\fairproject\FairEmployeeApp\.npmrc
5 silly config:load:file:C:\Users\jjcha\.npmrc
6 silly config:load:file:C:\Users\jjcha\AppData\Roaming\npm\etc\npmrc
7 verbose title npm install @react-navigation/bottom-tabs
8 verbose argv "install" "@react-navigation/bottom-tabs"
9 verbose logfile logs-max:10 dir:D:\fairproject\FairEmployeeApp\.npm-cache\_logs\2025-11-22T03_23_45_629Z-
10 verbose logfile D:\fairproject\FairEmployeeApp\.npm-cache\_logs\2025-11-22T03_23_45_629Z-debug-0.log
11 silly logfile start cleaning logs, removing 1 files
12 silly logfile done cleaning log files
13 silly idealTree buildDeps
14 silly fetch manifest @react-navigation/bottom-tabs@*
15 verbose shrinkwrap failed to load node_modules/.package-lock.json out of date, updated: node_modules
16 http fetch GET 200 https://registry.npmjs.org/@react-navigation%2fbottom-tabs 734ms (cache miss)
17 silly fetch manifest @react-navigation/native@^7.1.20
18 http fetch GET 200 https://registry.npmjs.org/@react-navigation%2fnative 127ms (cache updated)
19 silly fetch manifest react@19.1.1
20 http fetch GET 200 https://registry.npmjs.org/react 303ms (cache updated)
21 silly fetch manifest react-native@0.82.1
22 http fetch GET 200 https://registry.npmjs.org/react-native 138ms (cache revalidated)
23 silly fetch manifest @types/react@^19.1.1
24 http fetch GET 200 https://registry.npmjs.org/@types%2freact 98ms (cache revalidated)
25 silly fetch manifest react-native-safe-area-context@^5.6.2
26 http fetch GET 200 https://registry.npmjs.org/react-native-safe-area-context 70ms (cache revalidated)
27 silly fetch manifest react-native-screens@^4.18.0
28 http fetch GET 200 https://registry.npmjs.org/react-native-screens 661ms (cache updated)
29 silly placeDep ROOT @react-navigation/bottom-tabs@7.8.6 OK for: FairEmployeeApp@0.0.1 want: *
30 silly placeDep ROOT @react-navigation/native@7.1.21 REPLACE for: @react-navigation/bottom-tabs@7.8.6 want: ^7.1.21
31 silly fetch manifest @react-navigation/elements@^2.8.3
32 silly fetch manifest sf-symbols-typescript@^2.1.0
33 silly fetch manifest @react-navigation/core@^7.13.2
34 silly fetch manifest nanoid@^3.3.11
35 http fetch GET 200 https://registry.npmjs.org/nanoid 185ms (cache revalidated)
36 http fetch GET 200 https://registry.npmjs.org/@react-navigation%2fcore 268ms (cache updated)
37 http fetch GET 200 https://registry.npmjs.org/@react-navigation%2felements 410ms (cache updated)
38 http fetch GET 200 https://registry.npmjs.org/sf-symbols-typescript 509ms (cache miss)
39 silly fetch manifest @react-native-masked-view/masked-view@>= 0.2.0
40 http fetch GET 200 https://registry.npmjs.org/@react-native-masked-view%2fmasked-view 796ms (cache revalidated)
41 silly fetch manifest react@>= 18.2.0
42 silly fetch manifest react-native@*
43 silly fetch manifest @react-navigation/native@^7.1.21
44 silly fetch manifest react-native-safe-area-context@>= 4.0.0
45 silly placeDep ROOT @react-navigation/elements@2.8.3 REPLACE for: @react-navigation/bottom-tabs@7.8.6 want: ^2.8.3
46 silly placeDep ROOT sf-symbols-typescript@2.1.0 OK for: @react-navigation/bottom-tabs@7.8.6 want: ^2.1.0
47 silly placeDep ROOT @react-navigation/core@7.13.2 OK for: @react-navigation/native@7.1.21 want: ^7.13.2
48 silly placeDep ROOT nanoid@3.3.11 OK for: @react-navigation/native@7.1.21 want: ^3.3.11
49 silly fetch manifest @react-navigation/routers@^7.5.2
50 silly fetch manifest query-string@^7.1.3
51 silly fetch manifest react-is@^19.1.0
52 http fetch GET 200 https://registry.npmjs.org/query-string 68ms (cache revalidated)
53 http fetch GET 200 https://registry.npmjs.org/@react-navigation%2frouters 86ms (cache updated)
54 http fetch GET 200 https://registry.npmjs.org/react-is 263ms (cache updated)
55 silly placeDep ROOT @react-navigation/routers@7.5.2 OK for: @react-navigation/core@7.13.2 want: ^7.5.2
56 silly placeDep ROOT query-string@7.1.3 OK for: @react-navigation/core@7.13.2 want: ^7.1.3
57 silly placeDep node_modules/@react-navigation/core react-is@19.2.0 OK for: @react-navigation/core@7.13.2 want: ^19.1.0
58 silly fetch manifest filter-obj@^1.1.0
59 silly fetch manifest split-on-first@^1.0.0
60 silly fetch manifest strict-uri-encode@^2.0.0
61 silly fetch manifest decode-uri-component@^0.2.2
62 http fetch GET 200 https://registry.npmjs.org/filter-obj 57ms (cache revalidated)
63 http fetch GET 200 https://registry.npmjs.org/split-on-first 58ms (cache revalidated)
64 http fetch GET 200 https://registry.npmjs.org/strict-uri-encode 92ms (cache revalidated)
65 http fetch GET 200 https://registry.npmjs.org/decode-uri-component 94ms (cache revalidated)
66 silly placeDep ROOT decode-uri-component@0.2.2 OK for: query-string@7.1.3 want: ^0.2.2
67 silly placeDep ROOT filter-obj@1.1.0 OK for: query-string@7.1.3 want: ^1.1.0
68 silly placeDep ROOT split-on-first@1.1.0 OK for: query-string@7.1.3 want: ^1.0.0
69 silly placeDep ROOT strict-uri-encode@2.0.0 OK for: query-string@7.1.3 want: ^2.0.0
70 silly reify mark retired [
70 silly reify   'D:\\fairproject\\FairEmployeeApp\\node_modules\\@react-navigation\\elements'
70 silly reify ]
71 silly reify mark retired [
71 silly reify   'D:\\fairproject\\FairEmployeeApp\\node_modules\\@react-navigation\\native'
71 silly reify ]
72 silly reify mark retired [
72 silly reify   'D:\\fairproject\\FairEmployeeApp\\node_modules\\@react-navigation\\core'
72 silly reify ]
73 silly reify mark retired [
73 silly reify   'D:\\fairproject\\FairEmployeeApp\\node_modules\\@react-navigation\\routers'
73 silly reify ]
74 silly reify moves {
74 silly reify   'D:\\fairproject\\FairEmployeeApp\\node_modules\\@react-navigation\\elements': 'D:\\fairproject\\FairEmployeeApp\\node_modules\\@react-navigation\\.elements-cP2KaQU3',
74 silly reify   'D:\\fairproject\\FairEmployeeApp\\node_modules\\@react-navigation\\native': 'D:\\fairproject\\FairEmployeeApp\\node_modules\\@react-navigation\\.native-lI5S8hMH',
74 silly reify   'D:\\fairproject\\FairEmployeeApp\\node_modules\\@react-navigation\\core': 'D:\\fairproject\\FairEmployeeApp\\node_modules\\@react-navigation\\.core-704mQi8t',
74 silly reify   'D:\\fairproject\\FairEmployeeApp\\node_modules\\@react-navigation\\routers': 'D:\\fairproject\\FairEmployeeApp\\node_modules\\@react-navigation\\.routers-YC5mzSEJ'
74 silly reify }
75 silly audit bulk request {
75 silly audit   '@babel/code-frame': [ '7.27.1' ],
75 silly audit   '@babel/compat-data': [ '7.28.5' ],
75 silly audit   '@babel/core': [ '7.28.5' ],
75 silly audit   '@babel/eslint-parser': [ '7.28.5' ],
75 silly audit   '@babel/generator': [ '7.28.5' ],
75 silly audit   '@babel/helper-annotate-as-pure': [ '7.27.3' ],
75 silly audit   '@babel/helper-compilation-targets': [ '7.27.2' ],
75 silly audit   '@babel/helper-create-class-features-plugin': [ '7.28.5' ],
75 silly audit   '@babel/helper-create-regexp-features-plugin': [ '7.28.5' ],
75 silly audit   '@babel/helper-define-polyfill-provider': [ '0.6.5' ],
75 silly audit   '@babel/helper-globals': [ '7.28.0' ],
75 silly audit   '@babel/helper-member-expression-to-functions': [ '7.28.5' ],
75 silly audit   '@babel/helper-module-imports': [ '7.27.1' ],
75 silly audit   '@babel/helper-module-transforms': [ '7.28.3' ],
75 silly audit   '@babel/helper-optimise-call-expression': [ '7.27.1' ],
75 silly audit   '@babel/helper-plugin-utils': [ '7.27.1' ],
75 silly audit   '@babel/helper-remap-async-to-generator': [ '7.27.1' ],
75 silly audit   '@babel/helper-replace-supers': [ '7.27.1' ],
75 silly audit   '@babel/helper-skip-transparent-expression-wrappers': [ '7.27.1' ],
75 silly audit   '@babel/helper-string-parser': [ '7.27.1' ],
75 silly audit   '@babel/helper-validator-identifier': [ '7.28.5' ],
75 silly audit   '@babel/helper-validator-option': [ '7.27.1' ],
75 silly audit   '@babel/helper-wrap-function': [ '7.28.3' ],
75 silly audit   '@babel/helpers': [ '7.28.4' ],
75 silly audit   '@babel/parser': [ '7.28.5' ],
75 silly audit   '@babel/plugin-bugfix-firefox-class-in-computed-class-key': [ '7.28.5' ],
75 silly audit   '@babel/plugin-bugfix-safari-class-field-initializer-scope': [ '7.27.1' ],
75 silly audit   '@babel/plugin-bugfix-safari-id-destructuring-collision-in-function-expression': [ '7.27.1' ],
75 silly audit   '@babel/plugin-bugfix-v8-spread-parameters-in-optional-chaining': [ '7.27.1' ],
75 silly audit   '@babel/plugin-bugfix-v8-static-class-fields-redefine-readonly': [ '7.28.3' ],
75 silly audit   '@babel/plugin-proposal-export-default-from': [ '7.27.1' ],
75 silly audit   '@babel/plugin-proposal-private-property-in-object': [ '7.21.0-placeholder-for-preset-env.2' ],
75 silly audit   '@babel/plugin-syntax-async-generators': [ '7.8.4' ],
75 silly audit   '@babel/plugin-syntax-bigint': [ '7.8.3' ],
75 silly audit   '@babel/plugin-syntax-class-properties': [ '7.12.13' ],
75 silly audit   '@babel/plugin-syntax-class-static-block': [ '7.14.5' ],
75 silly audit   '@babel/plugin-syntax-dynamic-import': [ '7.8.3' ],
75 silly audit   '@babel/plugin-syntax-export-default-from': [ '7.27.1' ],
75 silly audit   '@babel/plugin-syntax-flow': [ '7.27.1' ],
75 silly audit   '@babel/plugin-syntax-import-assertions': [ '7.27.1' ],
75 silly audit   '@babel/plugin-syntax-import-attributes': [ '7.27.1' ],
75 silly audit   '@babel/plugin-syntax-import-meta': [ '7.10.4' ],
75 silly audit   '@babel/plugin-syntax-json-strings': [ '7.8.3' ],
75 silly audit   '@babel/plugin-syntax-jsx': [ '7.27.1' ],
75 silly audit   '@babel/plugin-syntax-logical-assignment-operators': [ '7.10.4' ],
75 silly audit   '@babel/plugin-syntax-nullish-coalescing-operator': [ '7.8.3' ],
75 silly audit   '@babel/plugin-syntax-numeric-separator': [ '7.10.4' ],
75 silly audit   '@babel/plugin-syntax-object-rest-spread': [ '7.8.3' ],
75 silly audit   '@babel/plugin-syntax-optional-catch-binding': [ '7.8.3' ],
75 silly audit   '@babel/plugin-syntax-optional-chaining': [ '7.8.3' ],
75 silly audit   '@babel/plugin-syntax-private-property-in-object': [ '7.14.5' ],
75 silly audit   '@babel/plugin-syntax-top-level-await': [ '7.14.5' ],
75 silly audit   '@babel/plugin-syntax-typescript': [ '7.27.1' ],
75 silly audit   '@babel/plugin-syntax-unicode-sets-regex': [ '7.18.6' ],
75 silly audit   '@babel/plugin-transform-arrow-functions': [ '7.27.1' ],
75 silly audit   '@babel/plugin-transform-async-generator-functions': [ '7.28.0' ],
75 silly audit   '@babel/plugin-transform-async-to-generator': [ '7.27.1' ],
75 silly audit   '@babel/plugin-transform-block-scoped-functions': [ '7.27.1' ],
75 silly audit   '@babel/plugin-transform-block-scoping': [ '7.28.5' ],
75 silly audit   '@babel/plugin-transform-class-properties': [ '7.27.1' ],
75 silly audit   '@babel/plugin-transform-class-static-block': [ '7.28.3' ],
75 silly audit   '@babel/plugin-transform-classes': [ '7.28.4' ],
75 silly audit   '@babel/plugin-transform-computed-properties': [ '7.27.1' ],
75 silly audit   '@babel/plugin-transform-destructuring': [ '7.28.5' ],
75 silly audit   '@babel/plugin-transform-dotall-regex': [ '7.27.1' ],
75 silly audit   '@babel/plugin-transform-duplicate-keys': [ '7.27.1' ],
75 silly audit   '@babel/plugin-transform-duplicate-named-capturing-groups-regex': [ '7.27.1' ],
75 silly audit   '@babel/plugin-transform-dynamic-import': [ '7.27.1' ],
75 silly audit   '@babel/plugin-transform-explicit-resource-management': [ '7.28.0' ],
75 silly audit   '@babel/plugin-transform-exponentiation-operator': [ '7.28.5' ],
75 silly audit   '@babel/plugin-transform-export-namespace-from': [ '7.27.1' ],
75 silly audit   '@babel/plugin-transform-flow-strip-types': [ '7.27.1' ],
75 silly audit   '@babel/plugin-transform-for-of': [ '7.27.1' ],
75 silly audit   '@babel/plugin-transform-function-name': [ '7.27.1' ],
75 silly audit   '@babel/plugin-transform-json-strings': [ '7.27.1' ],
75 silly audit   '@babel/plugin-transform-literals': [ '7.27.1' ],
75 silly audit   '@babel/plugin-transform-logical-assignment-operators': [ '7.28.5' ],
75 silly audit   '@babel/plugin-transform-member-expression-literals': [ '7.27.1' ],
75 silly audit   '@babel/plugin-transform-modules-amd': [ '7.27.1' ],
75 silly audit   '@babel/plugin-transform-modules-commonjs': [ '7.27.1' ],
75 silly audit   '@babel/plugin-transform-modules-systemjs': [ '7.28.5' ],
75 silly audit   '@babel/plugin-transform-modules-umd': [ '7.27.1' ],
75 silly audit   '@babel/plugin-transform-named-capturing-groups-regex': [ '7.27.1' ],
75 silly audit   '@babel/plugin-transform-new-target': [ '7.27.1' ],
75 silly audit   '@babel/plugin-transform-nullish-coalescing-operator': [ '7.27.1' ],
75 silly audit   '@babel/plugin-transform-numeric-separator': [ '7.27.1' ],
75 silly audit   '@babel/plugin-transform-object-rest-spread': [ '7.28.4' ],
75 silly audit   '@babel/plugin-transform-object-super': [ '7.27.1' ],
75 silly audit   '@babel/plugin-transform-optional-catch-binding': [ '7.27.1' ],
75 silly audit   '@babel/plugin-transform-optional-chaining': [ '7.28.5' ],
75 silly audit   '@babel/plugin-transform-parameters': [ '7.27.7' ],
75 silly audit   '@babel/plugin-transform-private-methods': [ '7.27.1' ],
75 silly audit   '@babel/plugin-transform-private-property-in-object': [ '7.27.1' ],
75 silly audit   '@babel/plugin-transform-property-literals': [ '7.27.1' ],
75 silly audit   '@babel/plugin-transform-react-display-name': [ '7.28.0' ],
75 silly audit   '@babel/plugin-transform-react-jsx': [ '7.27.1' ],
75 silly audit   '@babel/plugin-transform-react-jsx-self': [ '7.27.1' ],
75 silly audit   '@babel/plugin-transform-react-jsx-source': [ '7.27.1' ],
75 silly audit   '@babel/plugin-transform-regenerator': [ '7.28.4' ],
75 silly audit   '@babel/plugin-transform-regexp-modifiers': [ '7.27.1' ],
75 silly audit   '@babel/plugin-transform-reserved-words': [ '7.27.1' ],
75 silly audit   '@babel/plugin-transform-runtime': [ '7.28.5' ],
75 silly audit   '@babel/plugin-transform-shorthand-properties': [ '7.27.1' ],
75 silly audit   '@babel/plugin-transform-spread': [ '7.27.1' ],
75 silly audit   '@babel/plugin-transform-sticky-regex': [ '7.27.1' ],
75 silly audit   '@babel/plugin-transform-template-literals': [ '7.27.1' ],
75 silly audit   '@babel/plugin-transform-typeof-symbol': [ '7.27.1' ],
75 silly audit   '@babel/plugin-transform-typescript': [ '7.28.5' ],
75 silly audit   '@babel/plugin-transform-unicode-escapes': [ '7.27.1' ],
75 silly audit   '@babel/plugin-transform-unicode-property-regex': [ '7.27.1' ],
75 silly audit   '@babel/plugin-transform-unicode-regex': [ '7.27.1' ],
75 silly audit   '@babel/plugin-transform-unicode-sets-regex': [ '7.27.1' ],
75 silly audit   '@babel/preset-env': [ '7.28.5' ],
75 silly audit   '@babel/preset-modules': [ '0.1.6-no-external-plugins' ],
75 silly audit   '@babel/preset-typescript': [ '7.28.5' ],
75 silly audit   '@babel/runtime': [ '7.28.4' ],
75 silly audit   '@babel/template': [ '7.27.2' ],
75 silly audit   '@babel/traverse': [ '7.28.5' ],
75 silly audit   '@babel/types': [ '7.28.5' ],
75 silly audit   '@bcoe/v8-coverage': [ '0.2.3' ],
75 silly audit   '@egjs/hammerjs': [ '2.0.17' ],
75 silly audit   '@eslint-community/eslint-utils': [ '4.9.0' ],
75 silly audit   'eslint-visitor-keys': [ '3.4.3', '4.2.1', '2.1.0' ],
75 silly audit   '@eslint-community/regexpp': [ '4.12.2' ],
75 silly audit   '@eslint/eslintrc': [ '2.1.4' ],
75 silly audit   'brace-expansion': [ '1.1.12', '2.0.2' ],
75 silly audit   ignore: [ '5.3.2', '7.0.5' ],
75 silly audit   minimatch: [ '3.1.2', '9.0.5' ],
75 silly audit   '@eslint/js': [ '8.57.1' ],
75 silly audit   '@hapi/hoek': [ '9.3.0' ],
75 silly audit   '@hapi/topo': [ '5.1.0' ],
75 silly audit   '@humanwhocodes/config-array': [ '0.13.0' ],
75 silly audit   '@humanwhocodes/module-importer': [ '1.0.1' ],
75 silly audit   '@humanwhocodes/object-schema': [ '2.0.3' ],
75 silly audit   '@isaacs/ttlcache': [ '1.4.1' ],
75 silly audit   '@istanbuljs/load-nyc-config': [ '1.1.0' ],
75 silly audit   argparse: [ '1.0.10', '2.0.1' ],
75 silly audit   'find-up': [ '4.1.0', '5.0.0' ],
75 silly audit   'js-yaml': [ '3.14.2', '4.1.1' ],
75 silly audit   'locate-path': [ '5.0.0', '6.0.0' ],
75 silly audit   'p-limit': [ '2.3.0', '3.1.0' ],
75 silly audit   'p-locate': [ '4.1.0', '5.0.0' ],
75 silly audit   'resolve-from': [ '5.0.0', '4.0.0' ],
75 silly audit   '@istanbuljs/schema': [ '0.1.3' ],
75 silly audit   '@jest/console': [ '29.7.0' ],
75 silly audit   '@jest/core': [ '29.7.0' ],
75 silly audit   '@jest/create-cache-key-function': [ '29.7.0' ],
75 silly audit   '@jest/environment': [ '29.7.0' ],
75 silly audit   '@jest/expect': [ '29.7.0' ],
75 silly audit   '@jest/expect-utils': [ '29.7.0' ],
75 silly audit   '@jest/fake-timers': [ '29.7.0' ],
75 silly audit   '@jest/globals': [ '29.7.0' ],
75 silly audit   '@jest/reporters': [ '29.7.0' ],
75 silly audit   '@jest/schemas': [ '29.6.3' ],
75 silly audit   '@jest/source-map': [ '29.6.3' ],
75 silly audit   '@jest/test-result': [ '29.7.0' ],
75 silly audit   '@jest/test-sequencer': [ '29.7.0' ],
75 silly audit   '@jest/transform': [ '29.7.0' ],
75 silly audit   '@jest/types': [ '29.6.3' ],
75 silly audit   '@jridgewell/gen-mapping': [ '0.3.13' ],
75 silly audit   '@jridgewell/remapping': [ '2.3.5' ],
75 silly audit   '@jridgewell/resolve-uri': [ '3.1.2' ],
75 silly audit   '@jridgewell/source-map': [ '0.3.11' ],
75 silly audit   '@jridgewell/sourcemap-codec': [ '1.5.5' ],
75 silly audit   '@jridgewell/trace-mapping': [ '0.3.31' ],
75 silly audit   '@nicolo-ribaudo/eslint-scope-5-internals': [ '5.1.1-v1' ],
75 silly audit   '@nodelib/fs.scandir': [ '2.1.5' ],
75 silly audit   '@nodelib/fs.stat': [ '2.0.5' ],
75 silly audit   '@nodelib/fs.walk': [ '1.2.8' ],
75 silly audit   '@react-native-async-storage/async-storage': [ '2.2.0' ],
75 silly audit   '@react-native-community/cli': [ '20.0.0' ],
75 silly audit   '@react-native-community/cli-clean': [ '20.0.0' ],
75 silly audit   '@react-native-community/cli-config': [ '20.0.0' ],
75 silly audit   '@react-native-community/cli-config-android': [ '20.0.0' ],
75 silly audit   '@react-native-community/cli-config-apple': [ '20.0.0' ],
75 silly audit   '@react-native-community/cli-doctor': [ '20.0.0' ],
75 silly audit   semver: [ '7.7.3', '7.7.2', '6.3.1' ],
75 silly audit   '@react-native-community/cli-platform-android': [ '20.0.0' ],
75 silly audit   '@react-native-community/cli-platform-apple': [ '20.0.0' ],
75 silly audit   '@react-native-community/cli-platform-ios': [ '20.0.0' ],
75 silly audit   '@react-native-community/cli-server-api': [ '20.0.0' ],
75 silly audit   '@react-native-community/cli-tools': [ '20.0.0' ],
75 silly audit   '@react-native-community/cli-types': [ '20.0.0' ],
75 silly audit   '@react-native-community/datetimepicker': [ '8.5.0' ],
75 silly audit   '@react-native-picker/picker': [ '2.11.4' ],
75 silly audit   '@react-native/assets-registry': [ '0.82.1' ],
75 silly audit   '@react-native/babel-plugin-codegen': [ '0.82.1' ],
75 silly audit   '@react-native/babel-preset': [ '0.82.1' ],
75 silly audit   '@react-native/codegen': [ '0.82.1' ],
75 silly audit   '@react-native/community-cli-plugin': [ '0.82.1' ],
75 silly audit   '@react-native/debugger-frontend': [ '0.82.1' ],
75 silly audit   '@react-native/debugger-shell': [ '0.82.1' ],
75 silly audit   '@react-native/dev-middleware': [ '0.82.1' ],
75 silly audit   'is-wsl': [ '2.2.0', '1.1.0' ],
75 silly audit   open: [ '7.4.2', '6.4.0' ],
75 silly audit   '@react-native/eslint-config': [ '0.82.1' ],
75 silly audit   '@react-native/eslint-plugin': [ '0.82.1' ],
75 silly audit   '@react-native/gradle-plugin': [ '0.82.1' ],
75 silly audit   '@react-native/js-polyfills': [ '0.82.1' ],
75 silly audit   '@react-native/metro-babel-transformer': [ '0.82.1' ],
75 silly audit   '@react-native/metro-config': [ '0.82.1' ],
75 silly audit   '@react-native/new-app-screen': [ '0.82.1' ],
75 silly audit   '@react-native/normalize-colors': [ '0.82.1' ],
75 silly audit   '@react-native/typescript-config': [ '0.82.1' ],
75 silly audit   '@react-native/virtualized-lists': [ '0.82.1' ],
75 silly audit   'react-is': [ '16.13.1', '18.3.1', '19.2.0' ],
75 silly audit   '@react-navigation/stack': [ '7.6.4' ],
75 silly audit   '@sideway/address': [ '4.1.5' ],
75 silly audit   '@sideway/formula': [ '3.0.1' ],
75 silly audit   '@sideway/pinpoint': [ '2.0.0' ],
75 silly audit   '@sinclair/typebox': [ '0.27.8' ],
75 silly audit   '@sinonjs/commons': [ '3.0.1' ],
75 silly audit   '@sinonjs/fake-timers': [ '10.3.0' ],
75 silly audit   '@types/babel__core': [ '7.20.5' ],
75 silly audit   '@types/babel__generator': [ '7.27.0' ],
75 silly audit   '@types/babel__template': [ '7.4.4' ],
75 silly audit   '@types/babel__traverse': [ '7.28.0' ],
75 silly audit   '@types/graceful-fs': [ '4.1.9' ],
75 silly audit   '@types/hammerjs': [ '2.0.46' ],
75 silly audit   '@types/istanbul-lib-coverage': [ '2.0.6' ],
75 silly audit   '@types/istanbul-lib-report': [ '3.0.3' ],
75 silly audit   '@types/istanbul-reports': [ '3.0.4' ],
75 silly audit   '@types/jest': [ '29.5.14' ],
75 silly audit   '@types/node': [ '24.10.1' ],
75 silly audit   '@types/react': [ '19.2.6' ],
75 silly audit   '@types/react-test-renderer': [ '19.1.0' ],
75 silly audit   '@types/stack-utils': [ '2.0.3' ],
75 silly audit   '@types/yargs': [ '17.0.35' ],
75 silly audit   '@types/yargs-parser': [ '21.0.3' ],
75 silly audit   '@typescript-eslint/eslint-plugin': [ '8.47.0' ],
75 silly audit   '@typescript-eslint/parser': [ '8.47.0' ],
75 silly audit   '@typescript-eslint/project-service': [ '8.47.0' ],
75 silly audit   '@typescript-eslint/scope-manager': [ '8.47.0' ],
75 silly audit   '@typescript-eslint/tsconfig-utils': [ '8.47.0' ],
75 silly audit   '@typescript-eslint/type-utils': [ '8.47.0' ],
75 silly audit   '@typescript-eslint/types': [ '8.47.0' ],
75 silly audit   '@typescript-eslint/typescript-estree': [ '8.47.0' ],
75 silly audit   '@typescript-eslint/utils': [ '8.47.0' ],
75 silly audit   '@typescript-eslint/visitor-keys': [ '8.47.0' ],
75 silly audit   '@ungap/structured-clone': [ '1.3.0' ],
75 silly audit   '@vscode/sudo-prompt': [ '9.3.1' ],
75 silly audit   'abort-controller': [ '3.0.0' ],
75 silly audit   accepts: [ '1.3.8' ],
75 silly audit   negotiator: [ '0.6.3', '0.6.4' ],
75 silly audit   acorn: [ '8.15.0' ],
75 silly audit   'acorn-jsx': [ '5.3.2' ],
75 silly audit   'agent-base': [ '7.1.4' ],
75 silly audit   ajv: [ '6.12.6' ],
75 silly audit   anser: [ '1.4.10' ],
75 silly audit   'ansi-escapes': [ '4.3.2' ],
75 silly audit   'type-fest': [ '0.21.3', '0.7.1', '0.20.2' ],
75 silly audit   'ansi-fragments': [ '0.2.1' ],
75 silly audit   'ansi-regex': [ '4.1.1', '5.0.1' ],
75 silly audit   'strip-ansi': [ '5.2.0', '6.0.1' ],
75 silly audit   'ansi-styles': [ '4.3.0', '5.2.0', '3.2.1' ],
75 silly audit   anymatch: [ '3.1.3' ],
75 silly audit   appdirsjs: [ '1.2.7' ],
75 silly audit   'array-buffer-byte-length': [ '1.0.2' ],
75 silly audit   'array-includes': [ '3.1.9' ],
75 silly audit   'array.prototype.findlast': [ '1.2.5' ],
75 silly audit   'array.prototype.flat': [ '1.3.3' ],
75 silly audit   'array.prototype.flatmap': [ '1.3.3' ],
75 silly audit   'array.prototype.tosorted': [ '1.1.4' ],
75 silly audit   'arraybuffer.prototype.slice': [ '1.0.4' ],
75 silly audit   asap: [ '2.0.6' ],
75 silly audit   'astral-regex': [ '1.0.0' ],
75 silly audit   'async-function': [ '1.0.0' ],
75 silly audit   'async-limiter': [ '1.0.1' ],
75 silly audit   asynckit: [ '0.4.0' ],
75 silly audit   'available-typed-arrays': [ '1.0.7' ],
75 silly audit   axios: [ '1.13.2' ],
75 silly audit   'babel-jest': [ '29.7.0' ],
75 silly audit   'babel-plugin-istanbul': [ '6.1.1' ],
75 silly audit   'istanbul-lib-instrument': [ '5.2.1', '6.0.3' ],
75 silly audit   'babel-plugin-jest-hoist': [ '29.6.3' ],
75 silly audit   'babel-plugin-polyfill-corejs2': [ '0.4.14' ],
75 silly audit   'babel-plugin-polyfill-corejs3': [ '0.13.0' ],
75 silly audit   'babel-plugin-polyfill-regenerator': [ '0.6.5' ],
75 silly audit   'babel-plugin-syntax-hermes-parser': [ '0.32.0' ],
75 silly audit   'babel-plugin-transform-flow-enums': [ '0.0.2' ],
75 silly audit   'babel-preset-current-node-syntax': [ '1.2.0' ],
75 silly audit   'babel-preset-jest': [ '29.6.3' ],
75 silly audit   'balanced-match': [ '1.0.2' ],
75 silly audit   'base-64': [ '1.0.0', '0.1.0' ],
75 silly audit   'base64-arraybuffer': [ '1.0.2' ],
75 silly audit   'base64-js': [ '1.5.1' ],
75 silly audit   'baseline-browser-mapping': [ '2.8.29' ],
75 silly audit   bl: [ '4.1.0' ],
75 silly audit   'body-parser': [ '1.20.3' ],
75 silly audit   debug: [ '2.6.9', '4.4.3' ],
75 silly audit   ms: [ '2.0.0', '2.1.3' ],
75 silly audit   braces: [ '3.0.3' ],
75 silly audit   browserslist: [ '4.28.0' ],
75 silly audit   bser: [ '2.1.1' ],
75 silly audit   buffer: [ '5.7.1' ],
75 silly audit   'buffer-from': [ '1.1.2' ],
75 silly audit   bytes: [ '3.1.2' ],
75 silly audit   'call-bind': [ '1.0.8' ],
75 silly audit   'call-bind-apply-helpers': [ '1.0.2' ],
75 silly audit   'call-bound': [ '1.0.4' ],
75 silly audit   callsites: [ '3.1.0' ],
75 silly audit   camelcase: [ '5.3.1', '6.3.0' ],
75 silly audit   'caniuse-lite': [ '1.0.30001755' ],
75 silly audit   chalk: [ '4.1.2' ],
75 silly audit   'char-regex': [ '1.0.2' ],
75 silly audit   'chrome-launcher': [ '0.15.2' ],
75 silly audit   'chromium-edge-launcher': [ '0.2.0' ],
75 silly audit   'ci-info': [ '3.9.0', '2.0.0' ],
75 silly audit   'cjs-module-lexer': [ '1.4.3' ],
75 silly audit   'cli-cursor': [ '3.1.0' ],
75 silly audit   'cli-spinners': [ '2.9.2' ],
75 silly audit   cliui: [ '8.0.1', '6.0.0' ],
75 silly audit   clone: [ '1.0.4' ],
75 silly audit   co: [ '4.6.0' ],
75 silly audit   'collect-v8-coverage': [ '1.0.3' ],
75 silly audit   color: [ '4.2.3' ],
75 silly audit   'color-convert': [ '2.0.1', '1.9.3' ],
75 silly audit   'color-name': [ '1.1.4', '1.1.3' ],
75 silly audit   'color-string': [ '1.9.1' ],
75 silly audit   colorette: [ '1.4.0' ],
75 silly audit   'combined-stream': [ '1.0.8' ],
75 silly audit   'command-exists': [ '1.2.9' ],
75 silly audit   commander: [ '9.5.0', '12.1.0', '2.20.3' ],
75 silly audit   compressible: [ '2.0.18' ],
75 silly audit   compression: [ '1.8.1' ],
75 silly audit   'concat-map': [ '0.0.1' ],
75 silly audit   connect: [ '3.7.0' ],
75 silly audit   'content-type': [ '1.0.5' ],
75 silly audit   'convert-source-map': [ '2.0.0' ],
75 silly audit   'core-js-compat': [ '3.47.0' ],
75 silly audit   cosmiconfig: [ '9.0.0' ],
75 silly audit   'create-jest': [ '29.7.0' ],
75 silly audit   'cross-spawn': [ '7.0.6' ],
75 silly audit   'css-line-break': [ '2.1.0' ],
75 silly audit   csstype: [ '3.2.3' ],
75 silly audit   'data-view-buffer': [ '1.0.2' ],
75 silly audit   'data-view-byte-length': [ '1.0.2' ],
75 silly audit   'data-view-byte-offset': [ '1.0.1' ],
75 silly audit   dayjs: [ '1.11.19' ],
75 silly audit   decamelize: [ '1.2.0' ],
75 silly audit   dedent: [ '1.7.0' ],
75 silly audit   'deep-is': [ '0.1.4' ],
75 silly audit   deepmerge: [ '4.3.1' ],
75 silly audit   defaults: [ '1.0.4' ],
75 silly audit   'define-data-property': [ '1.1.4' ],
75 silly audit   'define-properties': [ '1.2.1' ],
75 silly audit   'delayed-stream': [ '1.0.0' ],
75 silly audit   depd: [ '2.0.0' ],
75 silly audit   destroy: [ '1.2.0' ],
75 silly audit   'detect-newline': [ '3.1.0' ],
75 silly audit   'diff-sequences': [ '29.6.3' ],
75 silly audit   doctrine: [ '3.0.0', '2.1.0' ],
75 silly audit   'dunder-proto': [ '1.0.1' ],
75 silly audit   'ee-first': [ '1.1.1' ],
75 silly audit   'electron-to-chromium': [ '1.5.255' ],
75 silly audit   emittery: [ '0.13.1' ],
75 silly audit   'emoji-regex': [ '8.0.0' ],
75 silly audit   encodeurl: [ '1.0.2', '2.0.0' ],
75 silly audit   'env-paths': [ '2.2.1' ],
75 silly audit   envinfo: [ '7.20.0' ],
75 silly audit   'error-ex': [ '1.3.4' ],
75 silly audit   'error-stack-parser': [ '2.1.4' ],
75 silly audit   errorhandler: [ '1.5.1' ],
75 silly audit   'es-abstract': [ '1.24.0' ],
75 silly audit   'es-define-property': [ '1.0.1' ],
75 silly audit   'es-errors': [ '1.3.0' ],
75 silly audit   'es-iterator-helpers': [ '1.2.1' ],
75 silly audit   'es-object-atoms': [ '1.1.1' ],
75 silly audit   'es-set-tostringtag': [ '2.1.0' ],
75 silly audit   'es-shim-unscopables': [ '1.1.0' ],
75 silly audit   'es-to-primitive': [ '1.3.0' ],
75 silly audit   escalade: [ '3.2.0' ],
75 silly audit   'escape-html': [ '1.0.3' ],
75 silly audit   'escape-string-regexp': [ '4.0.0', '1.0.5', '2.0.0' ],
75 silly audit   eslint: [ '8.57.1' ],
75 silly audit   'eslint-config-prettier': [ '8.10.2' ],
75 silly audit   'eslint-plugin-eslint-comments': [ '3.2.0' ],
75 silly audit   'eslint-plugin-ft-flow': [ '2.0.3' ],
75 silly audit   'eslint-plugin-jest': [ '29.1.0' ],
75 silly audit   'eslint-plugin-react': [ '7.37.5' ],
75 silly audit   'eslint-plugin-react-hooks': [ '5.2.0' ],
75 silly audit   'eslint-plugin-react-native': [ '4.1.0' ],
75 silly audit   'eslint-plugin-react-native-globals': [ '0.1.2' ],
75 silly audit   resolve: [ '2.0.0-next.5', '1.22.11' ],
75 silly audit   'eslint-scope': [ '5.1.1', '7.2.2' ],
75 silly audit   estraverse: [ '4.3.0', '5.3.0' ],
75 silly audit   espree: [ '9.6.1' ],
75 silly audit   esprima: [ '4.0.1' ],
75 silly audit   esquery: [ '1.6.0' ],
75 silly audit   esrecurse: [ '4.3.0' ],
75 silly audit   esutils: [ '2.0.3' ],
75 silly audit   etag: [ '1.8.1' ],
75 silly audit   'event-target-shim': [ '5.0.1' ],
75 silly audit   execa: [ '5.1.1' ],
75 silly audit   exit: [ '0.1.2' ],
75 silly audit   expect: [ '29.7.0' ],
75 silly audit   'exponential-backoff': [ '3.1.3' ],
75 silly audit   'fast-deep-equal': [ '3.1.3' ],
75 silly audit   'fast-glob': [ '3.3.3' ],
75 silly audit   'glob-parent': [ '5.1.2', '6.0.2' ],
75 silly audit   'fast-json-stable-stringify': [ '2.1.0' ],
75 silly audit   'fast-levenshtein': [ '2.0.6' ],
75 silly audit   'fast-xml-parser': [ '4.5.3' ],
75 silly audit   fastq: [ '1.19.1' ],
75 silly audit   'fb-dotslash': [ '0.5.8' ],
75 silly audit   'fb-watchman': [ '2.0.2' ],
75 silly audit   'file-entry-cache': [ '6.0.1' ],
75 silly audit   'fill-range': [ '7.1.1' ],
75 silly audit   finalhandler: [ '1.1.2' ],
75 silly audit   'on-finished': [ '2.3.0', '2.4.1' ],
75 silly audit   'flat-cache': [ '3.2.0' ],
75 silly audit   flatted: [ '3.3.3' ],
75 silly audit   'flow-enums-runtime': [ '0.0.6' ],
75 silly audit   'follow-redirects': [ '1.15.11' ],
75 silly audit   'for-each': [ '0.3.5' ],
75 silly audit   'form-data': [ '4.0.5' ],
75 silly audit   fresh: [ '0.5.2' ],
75 silly audit   'fs-extra': [ '8.1.0' ],
75 silly audit   'fs.realpath': [ '1.0.0' ],
75 silly audit   fsevents: [ '2.3.3' ],
75 silly audit   'function-bind': [ '1.1.2' ],
75 silly audit   'function.prototype.name': [ '1.1.8' ],
75 silly audit   'functions-have-names': [ '1.2.3' ],
75 silly audit   'generator-function': [ '2.0.1' ],
75 silly audit   gensync: [ '1.0.0-beta.2' ],
75 silly audit   'get-caller-file': [ '2.0.5' ],
75 silly audit   'get-intrinsic': [ '1.3.0' ],
75 silly audit   'get-package-type': [ '0.1.0' ],
75 silly audit   'get-proto': [ '1.0.1' ],
75 silly audit   'get-stream': [ '6.0.1' ],
75 silly audit   'get-symbol-description': [ '1.1.0' ],
75 silly audit   glob: [ '7.2.3' ],
75 silly audit   globals: [ '13.24.0' ],
75 silly audit   globalthis: [ '1.0.4' ],
75 silly audit   gopd: [ '1.2.0' ],
75 silly audit   'graceful-fs': [ '4.2.11' ],
75 silly audit   graphemer: [ '1.4.0' ],
75 silly audit   'has-bigints': [ '1.1.0' ],
75 silly audit   'has-flag': [ '4.0.0' ],
75 silly audit   'has-property-descriptors': [ '1.0.2' ],
75 silly audit   'has-proto': [ '1.2.0' ],
75 silly audit   'has-symbols': [ '1.1.0' ],
75 silly audit   'has-tostringtag': [ '1.0.2' ],
75 silly audit   hasown: [ '2.0.2' ],
75 silly audit   'hermes-compiler': [ '0.0.0' ],
75 silly audit   'hermes-estree': [ '0.32.0' ],
75 silly audit   'hermes-parser': [ '0.32.0' ],
75 silly audit   'hoist-non-react-statics': [ '3.3.2' ],
75 silly audit   'html-escaper': [ '2.0.2' ],
75 silly audit   html2canvas: [ '1.4.1' ],
75 silly audit   'http-errors': [ '2.0.0' ],
75 silly audit   statuses: [ '2.0.1', '1.5.0' ],
75 silly audit   'https-proxy-agent': [ '7.0.6' ],
75 silly audit   'human-signals': [ '2.1.0' ],
75 silly audit   'iconv-lite': [ '0.4.24' ],
75 silly audit   ieee754: [ '1.2.1' ],
75 silly audit   'image-size': [ '1.2.1' ],
75 silly audit   'import-fresh': [ '3.3.1' ],
75 silly audit   'import-local': [ '3.2.0' ],
75 silly audit   imurmurhash: [ '0.1.4' ],
75 silly audit   inflight: [ '1.0.6' ],
75 silly audit   inherits: [ '2.0.4' ],
75 silly audit   'internal-slot': [ '1.1.0' ],
75 silly audit   invariant: [ '2.2.4' ],
75 silly audit   'is-array-buffer': [ '3.0.5' ],
75 silly audit   'is-arrayish': [ '0.2.1', '0.3.4' ],
75 silly audit   'is-async-function': [ '2.1.1' ],
75 silly audit   'is-bigint': [ '1.1.0' ],
75 silly audit   'is-boolean-object': [ '1.2.2' ],
75 silly audit   'is-callable': [ '1.2.7' ],
75 silly audit   'is-core-module': [ '2.16.1' ],
75 silly audit   'is-data-view': [ '1.0.2' ],
75 silly audit   'is-date-object': [ '1.1.0' ],
75 silly audit   'is-docker': [ '2.2.1' ],
75 silly audit   'is-extglob': [ '2.1.1' ],
75 silly audit   'is-finalizationregistry': [ '1.1.1' ],
75 silly audit   'is-fullwidth-code-point': [ '2.0.0', '3.0.0' ],
75 silly audit   'is-generator-fn': [ '2.1.0' ],
75 silly audit   'is-generator-function': [ '1.1.2' ],
75 silly audit   'is-glob': [ '4.0.3' ],
75 silly audit   'is-interactive': [ '1.0.0' ],
75 silly audit   'is-map': [ '2.0.3' ],
75 silly audit   'is-negative-zero': [ '2.0.3' ],
75 silly audit   'is-number': [ '7.0.0' ],
75 silly audit   'is-number-object': [ '1.1.1' ],
75 silly audit   'is-path-inside': [ '3.0.3' ],
75 silly audit   'is-plain-obj': [ '2.1.0' ],
75 silly audit   'is-regex': [ '1.2.1' ],
75 silly audit   'is-set': [ '2.0.3' ],
75 silly audit   'is-shared-array-buffer': [ '1.0.4' ],
75 silly audit   'is-stream': [ '2.0.1' ],
75 silly audit   'is-string': [ '1.1.1' ],
75 silly audit   'is-symbol': [ '1.1.1' ],
75 silly audit   'is-typed-array': [ '1.1.15' ],
75 silly audit   'is-unicode-supported': [ '0.1.0' ],
75 silly audit   'is-weakmap': [ '2.0.2' ],
75 silly audit   'is-weakref': [ '1.1.1' ],
75 silly audit   'is-weakset': [ '2.0.4' ],
75 silly audit   isarray: [ '2.0.5' ],
75 silly audit   isexe: [ '2.0.0' ],
75 silly audit   'istanbul-lib-coverage': [ '3.2.2' ],
75 silly audit   'istanbul-lib-report': [ '3.0.1' ],
75 silly audit   'istanbul-lib-source-maps': [ '4.0.1' ],
75 silly audit   'istanbul-reports': [ '3.2.0' ],
75 silly audit   'iterator.prototype': [ '1.1.5' ],
75 silly audit   jest: [ '29.7.0' ],
75 silly audit   'jest-changed-files': [ '29.7.0' ],
75 silly audit   'jest-circus': [ '29.7.0' ],
75 silly audit   'jest-cli': [ '29.7.0' ],
75 silly audit   'jest-config': [ '29.7.0' ],
75 silly audit   'jest-diff': [ '29.7.0' ],
75 silly audit   'jest-docblock': [ '29.7.0' ],
75 silly audit   'jest-each': [ '29.7.0' ],
75 silly audit   'jest-environment-node': [ '29.7.0' ],
75 silly audit   'jest-get-type': [ '29.6.3' ],
75 silly audit   'jest-haste-map': [ '29.7.0' ],
75 silly audit   'jest-leak-detector': [ '29.7.0' ],
75 silly audit   'jest-matcher-utils': [ '29.7.0' ],
75 silly audit   'jest-message-util': [ '29.7.0' ],
75 silly audit   'jest-mock': [ '29.7.0' ],
75 silly audit   'jest-pnp-resolver': [ '1.2.3' ],
75 silly audit   'jest-regex-util': [ '29.6.3' ],
75 silly audit   'jest-resolve': [ '29.7.0' ],
75 silly audit   'jest-resolve-dependencies': [ '29.7.0' ],
75 silly audit   'jest-runner': [ '29.7.0' ],
75 silly audit   'jest-runtime': [ '29.7.0' ],
75 silly audit   'jest-snapshot': [ '29.7.0' ],
75 silly audit   'jest-util': [ '29.7.0' ],
75 silly audit   'jest-validate': [ '29.7.0' ],
75 silly audit   'jest-watcher': [ '29.7.0' ],
75 silly audit   'jest-worker': [ '29.7.0' ],
75 silly audit   'supports-color': [ '8.1.1', '7.2.0' ],
75 silly audit   joi: [ '17.13.3' ],
75 silly audit   'js-tokens': [ '4.0.0' ],
75 silly audit   'jsc-safe-url': [ '0.2.4' ],
75 silly audit   jsesc: [ '3.1.0' ],
75 silly audit   'json-buffer': [ '3.0.1' ],
75 silly audit   'json-parse-even-better-errors': [ '2.3.1' ],
75 silly audit   'json-schema-traverse': [ '0.4.1' ],
75 silly audit   'json-stable-stringify-without-jsonify': [ '1.0.1' ],
75 silly audit   json5: [ '2.2.3' ],
75 silly audit   jsonfile: [ '4.0.0' ],
75 silly audit   'jsx-ast-utils': [ '3.3.5' ],
75 silly audit   keyv: [ '4.5.4' ],
75 silly audit   kleur: [ '3.0.3' ],
75 silly audit   'launch-editor': [ '2.12.0' ],
75 silly audit   leven: [ '3.1.0' ],
75 silly audit   levn: [ '0.4.1' ],
75 silly audit   'lighthouse-logger': [ '1.4.2' ],
75 silly audit   'lines-and-columns': [ '1.2.4' ],
75 silly audit   lodash: [ '4.17.21' ],
75 silly audit   'lodash.debounce': [ '4.0.8' ],
75 silly audit   'lodash.merge': [ '4.6.2' ],
75 silly audit   'lodash.throttle': [ '4.1.1' ],
75 silly audit   'log-symbols': [ '4.1.0' ],
75 silly audit   logkitty: [ '0.7.1' ],
75 silly audit   'wrap-ansi': [ '6.2.0', '7.0.0' ],
75 silly audit   y18n: [ '4.0.3', '5.0.8' ],
75 silly audit   yargs: [ '15.4.1', '17.7.2' ],
75 silly audit   'yargs-parser': [ '18.1.3', '21.1.1' ],
75 silly audit   'loose-envify': [ '1.4.0' ],
75 silly audit   'lru-cache': [ '5.1.1' ],
75 silly audit   'make-dir': [ '4.0.0' ],
75 silly audit   makeerror: [ '1.0.12' ],
75 silly audit   marky: [ '1.3.0' ],
75 silly audit   'math-intrinsics': [ '1.1.0' ],
75 silly audit   'media-typer': [ '0.3.0' ],
75 silly audit   'memoize-one': [ '5.2.1' ],
75 silly audit   'merge-options': [ '3.0.4' ],
75 silly audit   'merge-stream': [ '2.0.0' ],
75 silly audit   merge2: [ '1.4.1' ],
75 silly audit   metro: [ '0.83.3' ],
75 silly audit   'metro-babel-transformer': [ '0.83.3' ],
75 silly audit   'metro-cache': [ '0.83.3' ],
75 silly audit   'metro-cache-key': [ '0.83.3' ],
75 silly audit   'metro-config': [ '0.83.3' ],
75 silly audit   'metro-core': [ '0.83.3' ],
75 silly audit   'metro-file-map': [ '0.83.3' ],
75 silly audit   'metro-minify-terser': [ '0.83.3' ],
75 silly audit   'metro-resolver': [ '0.83.3' ],
75 silly audit   'metro-runtime': [ '0.83.3' ],
75 silly audit   'metro-source-map': [ '0.83.3' ],
75 silly audit   'source-map': [ '0.5.7', '0.6.1' ],
75 silly audit   'metro-symbolicate': [ '0.83.3' ],
75 silly audit   'metro-transform-plugins': [ '0.83.3' ],
75 silly audit   'metro-transform-worker': [ '0.83.3' ],
75 silly audit   ws: [ '7.5.10', '6.2.3' ],
75 silly audit   micromatch: [ '4.0.8' ],
75 silly audit   mime: [ '2.6.0', '1.6.0' ],
75 silly audit   'mime-db': [ '1.54.0', '1.52.0' ],
75 silly audit   'mime-types': [ '2.1.35' ],
75 silly audit   'mimic-fn': [ '2.1.0' ],
75 silly audit   mkdirp: [ '1.0.4' ],
75 silly audit   'natural-compare': [ '1.4.0' ],
75 silly audit   nocache: [ '3.0.4' ],
75 silly audit   'node-int64': [ '0.4.0' ],
75 silly audit   'node-releases': [ '2.0.27' ],
75 silly audit   'node-stream-zip': [ '1.15.0' ],
75 silly audit   'normalize-path': [ '3.0.0' ],
75 silly audit   'npm-run-path': [ '4.0.1' ],
75 silly audit   nullthrows: [ '1.1.1' ],
75 silly audit   ob1: [ '0.83.3' ],
75 silly audit   'object-assign': [ '4.1.1' ],
75 silly audit   'object-inspect': [ '1.13.4' ],
75 silly audit   'object-keys': [ '1.1.1' ],
75 silly audit   'object.assign': [ '4.1.7' ],
75 silly audit   'object.entries': [ '1.1.9' ],
75 silly audit   'object.fromentries': [ '2.0.8' ],
75 silly audit   'object.values': [ '1.2.1' ],
75 silly audit   'on-headers': [ '1.1.0' ],
75 silly audit   once: [ '1.4.0' ],
75 silly audit   onetime: [ '5.1.2' ],
75 silly audit   optionator: [ '0.9.4' ],
75 silly audit   ora: [ '5.4.1' ],
75 silly audit   'own-keys': [ '1.0.1' ],
75 silly audit   'p-try': [ '2.2.0' ],
75 silly audit   'parent-module': [ '1.0.1' ],
75 silly audit   'parse-json': [ '5.2.0' ],
75 silly audit   parseurl: [ '1.3.3' ],
75 silly audit   'path-exists': [ '4.0.0' ],
75 silly audit   'path-is-absolute': [ '1.0.1' ],
75 silly audit   'path-key': [ '3.1.1' ],
75 silly audit   'path-parse': [ '1.0.7' ],
75 silly audit   picocolors: [ '1.1.1' ],
75 silly audit   picomatch: [ '2.3.1' ],
75 silly audit   pirates: [ '4.0.7' ],
75 silly audit   'pkg-dir': [ '4.2.0' ],
75 silly audit   'possible-typed-array-names': [ '1.1.0' ],
75 silly audit   'prelude-ls': [ '1.2.1' ],
75 silly audit   prettier: [ '2.8.8' ],
75 silly audit   'pretty-format': [ '29.7.0' ],
75 silly audit   promise: [ '8.3.0' ],
75 silly audit   prompts: [ '2.4.2' ],
75 silly audit   'prop-types': [ '15.8.1' ],
75 silly audit   'proxy-from-env': [ '1.1.0' ],
75 silly audit   punycode: [ '2.3.1' ],
75 silly audit   'pure-rand': [ '6.1.0' ],
75 silly audit   qs: [ '6.13.0' ],
75 silly audit   queue: [ '6.0.2' ],
75 silly audit   'queue-microtask': [ '1.2.3' ],
75 silly audit   'range-parser': [ '1.2.1' ],
75 silly audit   'raw-body': [ '2.5.2' ],
75 silly audit   react: [ '19.1.1' ],
75 silly audit   'react-devtools-core': [ '6.1.5' ],
75 silly audit   'react-freeze': [ '1.0.4' ],
75 silly audit   'react-native': [ '0.82.1' ],
75 silly audit   'react-native-fs': [ '2.20.0' ],
75 silly audit   'react-native-gesture-handler': [ '2.29.1' ],
75 silly audit   'react-native-image-picker': [ '8.2.1' ],
75 silly audit   'react-native-image-resizer': [ '1.4.5' ],
75 silly audit   'react-native-is-edge-to-edge': [ '1.2.1' ],
75 silly audit   'react-native-reanimated': [ '4.1.5' ],
75 silly audit   'react-native-safe-area-context': [ '5.6.2' ],
75 silly audit   'react-native-screens': [ '4.18.0' ],
75 silly audit   'react-native-share': [ '12.2.1' ],
75 silly audit   'react-native-view-shot': [ '4.0.3' ],
75 silly audit   'react-native-vision-camera': [ '4.7.3' ],
75 silly audit   'react-native-worklets': [ '0.6.1' ],
75 silly audit   'react-refresh': [ '0.14.2' ],
75 silly audit   'react-test-renderer': [ '19.1.1' ],
75 silly audit   'readable-stream': [ '3.6.2' ],
75 silly audit   'reflect.getprototypeof': [ '1.0.10' ],
75 silly audit   regenerate: [ '1.4.2' ],
75 silly audit   'regenerate-unicode-properties': [ '10.2.2' ],
75 silly audit   'regenerator-runtime': [ '0.13.11' ],
75 silly audit   'regexp.prototype.flags': [ '1.5.4' ],
75 silly audit   'regexpu-core': [ '6.4.0' ],
75 silly audit   regjsgen: [ '0.8.0' ],
75 silly audit   regjsparser: [ '0.13.0' ],
75 silly audit   'require-directory': [ '2.1.1' ],
75 silly audit   'require-main-filename': [ '2.0.0' ],
75 silly audit   'resolve-cwd': [ '3.0.0' ],
75 silly audit   'resolve.exports': [ '2.0.3' ],
75 silly audit   'restore-cursor': [ '3.1.0' ],
75 silly audit   reusify: [ '1.1.0' ],
75 silly audit   rimraf: [ '3.0.2' ],
75 silly audit   'run-parallel': [ '1.2.0' ],
75 silly audit   'safe-array-concat': [ '1.1.3' ],
75 silly audit   'safe-buffer': [ '5.2.1' ],
75 silly audit   'safe-push-apply': [ '1.0.0' ],
75 silly audit   'safe-regex-test': [ '1.1.0' ],
75 silly audit   'safer-buffer': [ '2.1.2' ],
75 silly audit   scheduler: [ '0.26.0' ],
75 silly audit   send: [ '0.19.0' ],
75 silly audit   'serialize-error': [ '2.1.0' ],
75 silly audit   'serve-static': [ '1.16.2' ],
75 silly audit   'set-blocking': [ '2.0.0' ],
75 silly audit   'set-function-length': [ '1.2.2' ],
75 silly audit   'set-function-name': [ '2.0.2' ],
75 silly audit   'set-proto': [ '1.0.0' ],
75 silly audit   setprototypeof: [ '1.2.0' ],
75 silly audit   'shebang-command': [ '2.0.0' ],
75 silly audit   'shebang-regex': [ '3.0.0' ],
75 silly audit   'shell-quote': [ '1.8.3' ],
75 silly audit   'side-channel': [ '1.1.0' ],
75 silly audit   'side-channel-list': [ '1.0.0' ],
75 silly audit   'side-channel-map': [ '1.0.1' ],
75 silly audit   'side-channel-weakmap': [ '1.0.2' ],
75 silly audit   'signal-exit': [ '3.0.7' ],
75 silly audit   'simple-swizzle': [ '0.2.4' ],
75 silly audit   sisteransi: [ '1.0.5' ],
75 silly audit   slash: [ '3.0.0' ],
75 silly audit   'slice-ansi': [ '2.1.0' ],
75 silly audit   'source-map-support': [ '0.5.13', '0.5.21' ],
75 silly audit   'sprintf-js': [ '1.0.3' ],
75 silly audit   'stack-utils': [ '2.0.6' ],
75 silly audit   stackframe: [ '1.3.4' ],
75 silly audit   'stacktrace-parser': [ '0.1.11' ],
75 silly audit   'stop-iteration-iterator': [ '1.1.0' ],
75 silly audit   string_decoder: [ '1.3.0' ],
75 silly audit   'string-length': [ '4.0.2' ],
75 silly audit   'string-natural-compare': [ '3.0.1' ],
75 silly audit   'string-width': [ '4.2.3' ],
75 silly audit   'string.prototype.matchall': [ '4.0.12' ],
75 silly audit   'string.prototype.repeat': [ '1.0.0' ],
75 silly audit   'string.prototype.trim': [ '1.2.10' ],
75 silly audit   'string.prototype.trimend': [ '1.0.9' ],
75 silly audit   'string.prototype.trimstart': [ '1.0.8' ],
75 silly audit   'strip-bom': [ '4.0.0' ],
75 silly audit   'strip-final-newline': [ '2.0.0' ],
75 silly audit   'strip-json-comments': [ '3.1.1' ],
75 silly audit   strnum: [ '1.1.2' ],
75 silly audit   'supports-preserve-symlinks-flag': [ '1.0.0' ],
75 silly audit   terser: [ '5.44.1' ],
75 silly audit   'test-exclude': [ '6.0.0' ],
75 silly audit   'text-segmentation': [ '1.0.3' ],
75 silly audit   'text-table': [ '0.2.0' ],
75 silly audit   throat: [ '5.0.0' ],
75 silly audit   tmpl: [ '1.0.5' ],
75 silly audit   'to-regex-range': [ '5.0.1' ],
75 silly audit   toidentifier: [ '1.0.1' ],
75 silly audit   'ts-api-utils': [ '2.1.0' ],
75 silly audit   'type-check': [ '0.4.0' ],
75 silly audit   'type-detect': [ '4.0.8' ],
75 silly audit   'type-is': [ '1.6.18' ],
75 silly audit   'typed-array-buffer': [ '1.0.3' ],
75 silly audit   'typed-array-byte-length': [ '1.0.3' ],
75 silly audit   'typed-array-byte-offset': [ '1.0.4' ],
75 silly audit   'typed-array-length': [ '1.0.7' ],
75 silly audit   typescript: [ '5.9.3' ],
75 silly audit   'unbox-primitive': [ '1.1.0' ],
75 silly audit   'undici-types': [ '7.16.0' ],
75 silly audit   'unicode-canonical-property-names-ecmascript': [ '2.0.1' ],
75 silly audit   'unicode-match-property-ecmascript': [ '2.0.0' ],
75 silly audit   'unicode-match-property-value-ecmascript': [ '2.2.1' ],
75 silly audit   'unicode-property-aliases-ecmascript': [ '2.2.0' ],
75 silly audit   universalify: [ '0.1.2' ],
75 silly audit   unpipe: [ '1.0.0' ],
75 silly audit   'update-browserslist-db': [ '1.1.4' ],
75 silly audit   'uri-js': [ '4.4.1' ],
75 silly audit   'use-latest-callback': [ '0.2.6' ],
75 silly audit   'use-sync-external-store': [ '1.6.0' ],
75 silly audit   utf8: [ '3.0.0' ],
75 silly audit   'util-deprecate': [ '1.0.2' ],
75 silly audit   'utils-merge': [ '1.0.1' ],
75 silly audit   utrie: [ '1.0.2' ],
75 silly audit   'v8-to-istanbul': [ '9.3.0' ],
75 silly audit   vary: [ '1.1.2' ],
75 silly audit   vlq: [ '1.0.1' ],
75 silly audit   walker: [ '1.0.8' ],
75 silly audit   'warn-once': [ '0.1.1' ],
75 silly audit   wcwidth: [ '1.0.1' ],
75 silly audit   'whatwg-fetch': [ '3.6.20' ],
75 silly audit   which: [ '2.0.2' ],
75 silly audit   'which-boxed-primitive': [ '1.1.1' ],
75 silly audit   'which-builtin-type': [ '1.2.1' ],
75 silly audit   'which-collection': [ '1.0.2' ],
75 silly audit   'which-module': [ '2.0.1' ],
75 silly audit   'which-typed-array': [ '1.1.19' ],
75 silly audit   'word-wrap': [ '1.2.5' ],
75 silly audit   wrappy: [ '1.0.2' ],
75 silly audit   'write-file-atomic': [ '4.0.2' ],
75 silly audit   yallist: [ '3.1.1' ],
75 silly audit   yaml: [ '2.8.1' ],
75 silly audit   'yocto-queue': [ '0.1.0' ],
75 silly audit   '@react-navigation/bottom-tabs': [ '7.8.6' ],
75 silly audit   '@react-navigation/native': [ '7.1.21' ],
75 silly audit   '@react-navigation/elements': [ '2.8.3' ],
75 silly audit   'sf-symbols-typescript': [ '2.1.0' ],
75 silly audit   '@react-navigation/core': [ '7.13.2' ],
75 silly audit   nanoid: [ '3.3.11' ],
75 silly audit   '@react-navigation/routers': [ '7.5.2' ],
75 silly audit   'query-string': [ '7.1.3' ],
75 silly audit   'decode-uri-component': [ '0.2.2' ],
75 silly audit   'filter-obj': [ '1.1.0' ],
75 silly audit   'split-on-first': [ '1.1.0' ],
75 silly audit   'strict-uri-encode': [ '2.0.0' ]
75 silly audit }
76 verbose reify failed optional dependency D:\fairproject\FairEmployeeApp\node_modules\fsevents
77 silly reify mark deleted [ 'D:\\fairproject\\FairEmployeeApp\\node_modules\\fsevents' ]
78 silly tarball no local data for sf-symbols-typescript@https://registry.npmjs.org/sf-symbols-typescript/-/sf-symbols-typescript-2.1.0.tgz. Extracting by manifest.
79 silly tarball no local data for @react-navigation/bottom-tabs@https://registry.npmjs.org/@react-navigation/bottom-tabs/-/bottom-tabs-7.8.6.tgz. Extracting by manifest.
80 silly tarball no local data for @react-navigation/core@https://registry.npmjs.org/@react-navigation/core/-/core-7.13.2.tgz. Extracting by manifest.
81 silly tarball no local data for @react-navigation/routers@https://registry.npmjs.org/@react-navigation/routers/-/routers-7.5.2.tgz. Extracting by manifest.
82 silly tarball no local data for @react-navigation/elements@https://registry.npmjs.org/@react-navigation/elements/-/elements-2.8.3.tgz. Extracting by manifest.
83 silly tarball no local data for @react-navigation/native@https://registry.npmjs.org/@react-navigation/native/-/native-7.1.21.tgz. Extracting by manifest.
84 http fetch GET 200 https://registry.npmjs.org/sf-symbols-typescript/-/sf-symbols-typescript-2.1.0.tgz 184ms (cache miss)
85 http fetch POST 200 https://registry.npmjs.org/-/npm/v1/security/advisories/bulk 231ms
86 silly audit report {}
87 http fetch GET 200 https://registry.npmjs.org/@react-navigation/routers/-/routers-7.5.2.tgz 636ms (cache miss)
88 http fetch GET 200 https://registry.npmjs.org/@react-navigation/bottom-tabs/-/bottom-tabs-7.8.6.tgz 1253ms (cache miss)
89 http fetch GET 200 https://registry.npmjs.org/@react-navigation/native/-/native-7.1.21.tgz 1261ms (cache miss)
90 http fetch GET 200 https://registry.npmjs.org/@react-navigation/elements/-/elements-2.8.3.tgz 1600ms (cache miss)
91 http fetch GET 200 https://registry.npmjs.org/@react-navigation/core/-/core-7.13.2.tgz 2230ms (cache miss)
92 silly ADD node_modules/sf-symbols-typescript
93 silly ADD node_modules/@react-navigation/bottom-tabs
94 silly ADD
95 silly CHANGE node_modules/@react-navigation/routers
96 silly CHANGE node_modules/@react-navigation/core
97 silly CHANGE node_modules/@react-navigation/native
98 silly CHANGE node_modules/@react-navigation/elements
99 verbose exit 0
100 info ok
